d:\projects\misc\kb\sys\x64\debug\vc140.pdb
d:\projects\misc\kb\sys\x64\debug\rawpdo.obj
d:\projects\misc\kb\sys\x64\debug\kbfiltr.obj
d:\projects\misc\kb\sys\x64\debug\kbfiltr\kmdfsamples.cat
d:\projects\misc\kb\sys\x64\debug\kbfiltr.sys
d:\projects\misc\kb\sys\x64\debug\kbfiltr.pdb
d:\projects\misc\kb\sys\x64\debug\kbfiltr.res
d:\projects\misc\kb\sys\x64\debug\kbfiltr.inf
d:\projects\misc\kb\sys\x64\debug\kbfiltr.tlog\cl.command.1.tlog
d:\projects\misc\kb\sys\x64\debug\kbfiltr.tlog\cl.read.1.tlog
d:\projects\misc\kb\sys\x64\debug\kbfiltr.tlog\cl.write.1.tlog
d:\projects\misc\kb\sys\x64\debug\kbfiltr.tlog\inf2cat-expand.12400.read.1.tlog
d:\projects\misc\kb\sys\x64\debug\kbfiltr.tlog\inf2cat-expand.12400.write.1.tlog
d:\projects\misc\kb\sys\x64\debug\kbfiltr.tlog\inf2cat-expand.12796.read.1.tlog
d:\projects\misc\kb\sys\x64\debug\kbfiltr.tlog\inf2cat-expand.12796.write.1.tlog
d:\projects\misc\kb\sys\x64\debug\kbfiltr.tlog\inf2cat-expand.4396.read.1.tlog
d:\projects\misc\kb\sys\x64\debug\kbfiltr.tlog\inf2cat-expand.4396.write.1.tlog
d:\projects\misc\kb\sys\x64\debug\kbfiltr.tlog\inf2cat-expand.7492.read.1.tlog
d:\projects\misc\kb\sys\x64\debug\kbfiltr.tlog\inf2cat-expand.7492.write.1.tlog
d:\projects\misc\kb\sys\x64\debug\kbfiltr.tlog\inf2cat-expand.8556.read.1.tlog
d:\projects\misc\kb\sys\x64\debug\kbfiltr.tlog\inf2cat-expand.8556.write.1.tlog
d:\projects\misc\kb\sys\x64\debug\kbfiltr.tlog\inf2cat-expand.read.1.tlog
d:\projects\misc\kb\sys\x64\debug\kbfiltr.tlog\inf2cat-expand.write.1.tlog
d:\projects\misc\kb\sys\x64\debug\kbfiltr.tlog\inf2cat.command.1.tlog
d:\projects\misc\kb\sys\x64\debug\kbfiltr.tlog\inf2cat.read.1.tlog
d:\projects\misc\kb\sys\x64\debug\kbfiltr.tlog\inf2cat.write.1.tlog
d:\projects\misc\kb\sys\x64\debug\kbfiltr.tlog\link.command.1.tlog
d:\projects\misc\kb\sys\x64\debug\kbfiltr.tlog\link.read.1.tlog
d:\projects\misc\kb\sys\x64\debug\kbfiltr.tlog\link.write.1.tlog
d:\projects\misc\kb\sys\x64\debug\kbfiltr.tlog\rc.command.1.tlog
d:\projects\misc\kb\sys\x64\debug\kbfiltr.tlog\rc.read.1.tlog
d:\projects\misc\kb\sys\x64\debug\kbfiltr.tlog\rc.write.1.tlog
d:\projects\misc\kb\sys\x64\debug\kbfiltr.tlog\signtool.command.1.tlog
d:\projects\misc\kb\sys\x64\debug\kbfiltr.tlog\signtool.read.1.tlog
d:\projects\misc\kb\sys\x64\debug\kbfiltr.tlog\signtool.timestamp.1.tlog
d:\projects\misc\kb\sys\x64\debug\kbfiltr.tlog\signtool.write.1.tlog
d:\projects\misc\kb\sys\x64\debug\kbfiltr.tlog\stampinf.command.1.tlog
d:\projects\misc\kb\sys\x64\debug\kbfiltr.tlog\stampinf.read.1.tlog
d:\projects\misc\kb\sys\x64\debug\kbfiltr.tlog\stampinf.write.1.tlog
