  Building 'kbfiltr' with toolset 'WindowsKernelModeDriver10.0' and the 'Universal' target platform.
  Stamping .\x64\Debug\\kbfiltr.inf [Version] section with DriverVer=03/27/2016,4.7.35.356
  kbfiltr.vcxproj -> D:\Projects\misc\kb\sys\x64\Debug\kbfiltr.sys
ApiValidation : warning : API SystemFunction036 in advapi32.dll is not a supported universal API. kbftest.exe calls this API.
ApiValidation : warning : API CloseHandle in kernel32.dll is not a supported universal API. kbftest.exe calls this API.
ApiValidation : warning : API CompareStringW in kernel32.dll is not a supported universal API. kbftest.exe calls this API.
ApiValidation : warning : API CreateFileA in kernel32.dll is not a supported universal API. kbftest.exe calls this API.
ApiValidation : warning : API CreateFileW in kernel32.dll is not a supported universal API. kbftest.exe calls this API.
ApiValidation : warning : API CreateThread in kernel32.dll is not a supported universal API. kbftest.exe calls this API.
ApiValidation : warning : API DeleteCriticalSection in kernel32.dll is not a supported universal API. kbftest.exe calls this API.
ApiValidation : warning : API DeviceIoControl in kernel32.dll is not a supported universal API. kbftest.exe calls this API.
ApiValidation : warning : API EncodePointer in kernel32.dll is not a supported universal API. kbftest.exe calls this API.
ApiValidation : warning : API EnterCriticalSection in kernel32.dll is not a supported universal API. kbftest.exe calls this API.
ApiValidation : warning : API EnumSystemLocalesW in kernel32.dll is not a supported universal API. kbftest.exe calls this API.
ApiValidation : warning : API ExitProcess in kernel32.dll is not a supported universal API. kbftest.exe calls this API.
ApiValidation : warning : API FindClose in kernel32.dll is not a supported universal API. kbftest.exe calls this API.
ApiValidation : warning : API FindFirstFileExA in kernel32.dll is not a supported universal API. kbftest.exe calls this API.
ApiValidation : warning : API FindFirstFileExW in kernel32.dll is not a supported universal API. kbftest.exe calls this API.
ApiValidation : warning : API FindNextFileA in kernel32.dll is not a supported universal API. kbftest.exe calls this API.
ApiValidation : warning : API FindNextFileW in kernel32.dll is not a supported universal API. kbftest.exe calls this API.
ApiValidation : warning : API FlushFileBuffers in kernel32.dll is not a supported universal API. kbftest.exe calls this API.
ApiValidation : warning : API FreeEnvironmentStringsW in kernel32.dll is not a supported universal API. kbftest.exe calls this API.
ApiValidation : warning : API FreeLibrary in kernel32.dll is not a supported universal API. kbftest.exe calls this API.
ApiValidation : warning : API GetACP in kernel32.dll is not a supported universal API. kbftest.exe calls this API.
ApiValidation : warning : API GetCPInfo in kernel32.dll is not a supported universal API. kbftest.exe calls this API.
ApiValidation : warning : API GetCommandLineA in kernel32.dll is not a supported universal API. kbftest.exe calls this API.
ApiValidation : warning : API GetCommandLineW in kernel32.dll is not a supported universal API. kbftest.exe calls this API.
ApiValidation : warning : API GetConsoleCP in kernel32.dll is not a supported universal API. kbftest.exe calls this API.
ApiValidation : warning : API GetConsoleMode in kernel32.dll is not a supported universal API. kbftest.exe calls this API.
ApiValidation : warning : API GetCurrentProcess in kernel32.dll is not a supported universal API. kbftest.exe calls this API.
ApiValidation : warning : API GetCurrentProcessId in kernel32.dll is not a supported universal API. kbftest.exe calls this API.
ApiValidation : warning : API GetCurrentThread in kernel32.dll is not a supported universal API. kbftest.exe calls this API.
ApiValidation : warning : API GetCurrentThreadId in kernel32.dll is not a supported universal API. kbftest.exe calls this API.
ApiValidation : warning : API GetDateFormatW in kernel32.dll is not a supported universal API. kbftest.exe calls this API.
ApiValidation : warning : API GetEnvironmentStringsW in kernel32.dll is not a supported universal API. kbftest.exe calls this API.
ApiValidation : warning : API GetFileType in kernel32.dll is not a supported universal API. kbftest.exe calls this API.
ApiValidation : warning : API GetLastError in kernel32.dll is not a supported universal API. kbftest.exe calls this API.
ApiValidation : warning : API GetLocaleInfoW in kernel32.dll is not a supported universal API. kbftest.exe calls this API.
ApiValidation : warning : API GetModuleFileNameA in kernel32.dll is not a supported universal API. kbftest.exe calls this API.
ApiValidation : warning : API GetModuleFileNameW in kernel32.dll is not a supported universal API. kbftest.exe calls this API.
ApiValidation : warning : API GetModuleHandleExW in kernel32.dll is not a supported universal API. kbftest.exe calls this API.
ApiValidation : warning : API GetModuleHandleW in kernel32.dll is not a supported universal API. kbftest.exe calls this API.
ApiValidation : warning : API GetOEMCP in kernel32.dll is not a supported universal API. kbftest.exe calls this API.
ApiValidation : warning : API GetProcAddress in kernel32.dll is not a supported universal API. kbftest.exe calls this API.
ApiValidation : warning : API GetProcessHeap in kernel32.dll is not a supported universal API. kbftest.exe calls this API.
ApiValidation : warning : API GetStartupInfoW in kernel32.dll is not a supported universal API. kbftest.exe calls this API.
ApiValidation : warning : API GetStdHandle in kernel32.dll is not a supported universal API. kbftest.exe calls this API.
ApiValidation : warning : API GetStringTypeW in kernel32.dll is not a supported universal API. kbftest.exe calls this API.
ApiValidation : warning : API GetSystemInfo in kernel32.dll is not a supported universal API. kbftest.exe calls this API.
ApiValidation : warning : API GetSystemTimeAsFileTime in kernel32.dll is not a supported universal API. kbftest.exe calls this API.
ApiValidation : warning : API GetTimeFormatW in kernel32.dll is not a supported universal API. kbftest.exe calls this API.
ApiValidation : warning : API GetUserDefaultLCID in kernel32.dll is not a supported universal API. kbftest.exe calls this API.
ApiValidation : warning : API HeapAlloc in kernel32.dll is not a supported universal API. kbftest.exe calls this API.
ApiValidation : warning : API HeapFree in kernel32.dll is not a supported universal API. kbftest.exe calls this API.
ApiValidation : warning : API HeapQueryInformation in kernel32.dll is not a supported universal API. kbftest.exe calls this API.
ApiValidation : warning : API HeapReAlloc in kernel32.dll is not a supported universal API. kbftest.exe calls this API.
ApiValidation : warning : API HeapSize in kernel32.dll is not a supported universal API. kbftest.exe calls this API.
ApiValidation : warning : API HeapValidate in kernel32.dll is not a supported universal API. kbftest.exe calls this API.
ApiValidation : warning : API InitializeCriticalSectionAndSpinCount in kernel32.dll is not a supported universal API. kbftest.exe calls this API.
ApiValidation : warning : API InitializeSListHead in kernel32.dll is not a supported universal API. kbftest.exe calls this API.
ApiValidation : warning : API InterlockedFlushSList in kernel32.dll is not a supported universal API. kbftest.exe calls this API.
ApiValidation : warning : API InterlockedPushEntrySList in kernel32.dll is not a supported universal API. kbftest.exe calls this API.
ApiValidation : warning : API IsDebuggerPresent in kernel32.dll is not a supported universal API. kbftest.exe calls this API.
ApiValidation : warning : API IsProcessorFeaturePresent in kernel32.dll is not a supported universal API. kbftest.exe calls this API.
ApiValidation : warning : API IsValidCodePage in kernel32.dll is not a supported universal API. kbftest.exe calls this API.
ApiValidation : warning : API IsValidLocale in kernel32.dll is not a supported universal API. kbftest.exe calls this API.
ApiValidation : warning : API LCMapStringW in kernel32.dll is not a supported universal API. kbftest.exe calls this API.
ApiValidation : warning : API LeaveCriticalSection in kernel32.dll is not a supported universal API. kbftest.exe calls this API.
ApiValidation : warning : API LoadLibraryExW in kernel32.dll is not a supported universal API. kbftest.exe calls this API.
ApiValidation : warning : API MultiByteToWideChar in kernel32.dll is not a supported universal API. kbftest.exe calls this API.
ApiValidation : warning : API OutputDebugStringA in kernel32.dll is not a supported universal API. kbftest.exe calls this API.
ApiValidation : warning : API OutputDebugStringW in kernel32.dll is not a supported universal API. kbftest.exe calls this API.
ApiValidation : warning : API QueryPerformanceCounter in kernel32.dll is not a supported universal API. kbftest.exe calls this API.
ApiValidation : warning : API RaiseException in kernel32.dll is not a supported universal API. kbftest.exe calls this API.
ApiValidation : warning : API ReadConsoleW in kernel32.dll is not a supported universal API. kbftest.exe calls this API.
ApiValidation : warning : API ReadFile in kernel32.dll is not a supported universal API. kbftest.exe calls this API.
ApiValidation : warning : API RtlCaptureContext in kernel32.dll is not a supported universal API. kbftest.exe calls this API.
ApiValidation : warning : API RtlLookupFunctionEntry in kernel32.dll is not a supported universal API. kbftest.exe calls this API.
ApiValidation : warning : API RtlPcToFileHeader in kernel32.dll is not a supported universal API. kbftest.exe calls this API.
ApiValidation : warning : API RtlUnwindEx in kernel32.dll is not a supported universal API. kbftest.exe calls this API.
ApiValidation : warning : API RtlVirtualUnwind in kernel32.dll is not a supported universal API. kbftest.exe calls this API.
ApiValidation : warning : API SetConsoleCtrlHandler in kernel32.dll is not a supported universal API. kbftest.exe calls this API.
ApiValidation : warning : API SetEndOfFile in kernel32.dll is not a supported universal API. kbftest.exe calls this API.
ApiValidation : warning : API SetEnvironmentVariableA in kernel32.dll is not a supported universal API. kbftest.exe calls this API.
ApiValidation : warning : API SetEnvironmentVariableW in kernel32.dll is not a supported universal API. kbftest.exe calls this API.
ApiValidation : warning : API SetFilePointerEx in kernel32.dll is not a supported universal API. kbftest.exe calls this API.
ApiValidation : warning : API SetLastError in kernel32.dll is not a supported universal API. kbftest.exe calls this API.
ApiValidation : warning : API SetStdHandle in kernel32.dll is not a supported universal API. kbftest.exe calls this API.
ApiValidation : warning : API SetUnhandledExceptionFilter in kernel32.dll is not a supported universal API. kbftest.exe calls this API.
ApiValidation : warning : API TerminateProcess in kernel32.dll is not a supported universal API. kbftest.exe calls this API.
ApiValidation : warning : API TlsAlloc in kernel32.dll is not a supported universal API. kbftest.exe calls this API.
ApiValidation : warning : API TlsFree in kernel32.dll is not a supported universal API. kbftest.exe calls this API.
ApiValidation : warning : API TlsGetValue in kernel32.dll is not a supported universal API. kbftest.exe calls this API.
ApiValidation : warning : API TlsSetValue in kernel32.dll is not a supported universal API. kbftest.exe calls this API.
ApiValidation : warning : API UnhandledExceptionFilter in kernel32.dll is not a supported universal API. kbftest.exe calls this API.
ApiValidation : warning : API VirtualQuery in kernel32.dll is not a supported universal API. kbftest.exe calls this API.
ApiValidation : warning : API WaitForSingleObjectEx in kernel32.dll is not a supported universal API. kbftest.exe calls this API.
ApiValidation : warning : API WideCharToMultiByte in kernel32.dll is not a supported universal API. kbftest.exe calls this API.
ApiValidation : warning : API WriteConsoleW in kernel32.dll is not a supported universal API. kbftest.exe calls this API.
ApiValidation : warning : API WriteFile in kernel32.dll is not a supported universal API. kbftest.exe calls this API.
ApiValidation : warning : API SetupDiDestroyDeviceInfoList in setupapi.dll is not a supported universal API. kbftest.exe calls this API.
ApiValidation : warning : API SetupDiEnumDeviceInterfaces in setupapi.dll is not a supported universal API. kbftest.exe calls this API.
ApiValidation : warning : API SetupDiGetClassDevsA in setupapi.dll is not a supported universal API. kbftest.exe calls this API.
ApiValidation : warning : API SetupDiGetDeviceInterfaceDetailA in setupapi.dll is not a supported universal API. kbftest.exe calls this API.
C:\Program Files (x86)\Windows Kits\10\build\WindowsDriver.common.targets(1747,5): error MSB3721: The command ""C:\Program Files (x86)\Windows Kits\10\bin\x64\ApiValidator.exe" -DriverPackagePath:D:\Projects\misc\kb\sys\x64\Debug\ -SupportedApiXmlFiles:"C:\Program Files (x86)\Windows Kits\10\build\universalDDIs\x64\UniversalDDIs.xml" -ModuleWhiteListXmlFiles:"C:\Program Files (x86)\Windows Kits\10\build\universalDDIs\x64\ModuleWhiteList.xml" -ApiExtractorExePath:"C:\Program Files (x86)\Windows Kits\10\bin\x64"" exited with code -1.
