d:\projects\misc\kb\sys\x64\release\vc140.pdb
d:\projects\misc\kb\sys\x64\release\rawpdo.obj
d:\projects\misc\kb\sys\x64\release\kbfiltr.obj
d:\projects\misc\kb\sys\x64\release\kbfiltr.sys
d:\projects\misc\kb\sys\x64\release\kbfiltr.pdb
d:\projects\misc\kb\sys\x64\release\kbfiltr.res
d:\projects\misc\kb\sys\x64\release\kbfiltr\kmdfsamples.cat
d:\projects\misc\kb\sys\x64\release\kbfiltr.inf
d:\projects\misc\kb\sys\x64\release\kbfiltr.tlog\cl.command.1.tlog
d:\projects\misc\kb\sys\x64\release\kbfiltr.tlog\cl.read.1.tlog
d:\projects\misc\kb\sys\x64\release\kbfiltr.tlog\cl.write.1.tlog
d:\projects\misc\kb\sys\x64\release\kbfiltr.tlog\inf2cat-expand.10556.read.1.tlog
d:\projects\misc\kb\sys\x64\release\kbfiltr.tlog\inf2cat-expand.10556.write.1.tlog
d:\projects\misc\kb\sys\x64\release\kbfiltr.tlog\inf2cat-expand.11368.read.1.tlog
d:\projects\misc\kb\sys\x64\release\kbfiltr.tlog\inf2cat-expand.11368.write.1.tlog
d:\projects\misc\kb\sys\x64\release\kbfiltr.tlog\inf2cat-expand.12412.read.1.tlog
d:\projects\misc\kb\sys\x64\release\kbfiltr.tlog\inf2cat-expand.12412.write.1.tlog
d:\projects\misc\kb\sys\x64\release\kbfiltr.tlog\inf2cat-expand.12532.read.1.tlog
d:\projects\misc\kb\sys\x64\release\kbfiltr.tlog\inf2cat-expand.12532.write.1.tlog
d:\projects\misc\kb\sys\x64\release\kbfiltr.tlog\inf2cat-expand.12760.read.1.tlog
d:\projects\misc\kb\sys\x64\release\kbfiltr.tlog\inf2cat-expand.12760.write.1.tlog
d:\projects\misc\kb\sys\x64\release\kbfiltr.tlog\inf2cat-expand.13544.read.1.tlog
d:\projects\misc\kb\sys\x64\release\kbfiltr.tlog\inf2cat-expand.13544.write.1.tlog
d:\projects\misc\kb\sys\x64\release\kbfiltr.tlog\inf2cat-expand.13632.read.1.tlog
d:\projects\misc\kb\sys\x64\release\kbfiltr.tlog\inf2cat-expand.13632.write.1.tlog
d:\projects\misc\kb\sys\x64\release\kbfiltr.tlog\inf2cat-expand.13808.read.1.tlog
d:\projects\misc\kb\sys\x64\release\kbfiltr.tlog\inf2cat-expand.13808.write.1.tlog
d:\projects\misc\kb\sys\x64\release\kbfiltr.tlog\inf2cat-expand.14280.read.1.tlog
d:\projects\misc\kb\sys\x64\release\kbfiltr.tlog\inf2cat-expand.14280.write.1.tlog
d:\projects\misc\kb\sys\x64\release\kbfiltr.tlog\inf2cat-expand.14404.read.1.tlog
d:\projects\misc\kb\sys\x64\release\kbfiltr.tlog\inf2cat-expand.14404.write.1.tlog
d:\projects\misc\kb\sys\x64\release\kbfiltr.tlog\inf2cat-expand.14920.read.1.tlog
d:\projects\misc\kb\sys\x64\release\kbfiltr.tlog\inf2cat-expand.14920.write.1.tlog
d:\projects\misc\kb\sys\x64\release\kbfiltr.tlog\inf2cat-expand.15412.read.1.tlog
d:\projects\misc\kb\sys\x64\release\kbfiltr.tlog\inf2cat-expand.15412.write.1.tlog
d:\projects\misc\kb\sys\x64\release\kbfiltr.tlog\inf2cat-expand.15576.read.1.tlog
d:\projects\misc\kb\sys\x64\release\kbfiltr.tlog\inf2cat-expand.15576.write.1.tlog
d:\projects\misc\kb\sys\x64\release\kbfiltr.tlog\inf2cat-expand.15936.read.1.tlog
d:\projects\misc\kb\sys\x64\release\kbfiltr.tlog\inf2cat-expand.15936.write.1.tlog
d:\projects\misc\kb\sys\x64\release\kbfiltr.tlog\inf2cat-expand.16056.read.1.tlog
d:\projects\misc\kb\sys\x64\release\kbfiltr.tlog\inf2cat-expand.16056.write.1.tlog
d:\projects\misc\kb\sys\x64\release\kbfiltr.tlog\inf2cat-expand.16096.read.1.tlog
d:\projects\misc\kb\sys\x64\release\kbfiltr.tlog\inf2cat-expand.16096.write.1.tlog
d:\projects\misc\kb\sys\x64\release\kbfiltr.tlog\inf2cat-expand.16104.read.1.tlog
d:\projects\misc\kb\sys\x64\release\kbfiltr.tlog\inf2cat-expand.16104.write.1.tlog
d:\projects\misc\kb\sys\x64\release\kbfiltr.tlog\inf2cat-expand.16168.read.1.tlog
d:\projects\misc\kb\sys\x64\release\kbfiltr.tlog\inf2cat-expand.16168.write.1.tlog
d:\projects\misc\kb\sys\x64\release\kbfiltr.tlog\inf2cat-expand.16224.read.1.tlog
d:\projects\misc\kb\sys\x64\release\kbfiltr.tlog\inf2cat-expand.16224.write.1.tlog
d:\projects\misc\kb\sys\x64\release\kbfiltr.tlog\inf2cat-expand.16376.read.1.tlog
d:\projects\misc\kb\sys\x64\release\kbfiltr.tlog\inf2cat-expand.16376.write.1.tlog
d:\projects\misc\kb\sys\x64\release\kbfiltr.tlog\inf2cat-expand.16552.read.1.tlog
d:\projects\misc\kb\sys\x64\release\kbfiltr.tlog\inf2cat-expand.16552.write.1.tlog
d:\projects\misc\kb\sys\x64\release\kbfiltr.tlog\inf2cat-expand.16992.read.1.tlog
d:\projects\misc\kb\sys\x64\release\kbfiltr.tlog\inf2cat-expand.16992.write.1.tlog
d:\projects\misc\kb\sys\x64\release\kbfiltr.tlog\inf2cat-expand.17300.read.1.tlog
d:\projects\misc\kb\sys\x64\release\kbfiltr.tlog\inf2cat-expand.17300.write.1.tlog
d:\projects\misc\kb\sys\x64\release\kbfiltr.tlog\inf2cat-expand.17520.read.1.tlog
d:\projects\misc\kb\sys\x64\release\kbfiltr.tlog\inf2cat-expand.17520.write.1.tlog
d:\projects\misc\kb\sys\x64\release\kbfiltr.tlog\inf2cat-expand.17868.read.1.tlog
d:\projects\misc\kb\sys\x64\release\kbfiltr.tlog\inf2cat-expand.17868.write.1.tlog
d:\projects\misc\kb\sys\x64\release\kbfiltr.tlog\inf2cat-expand.18324.read.1.tlog
d:\projects\misc\kb\sys\x64\release\kbfiltr.tlog\inf2cat-expand.18324.write.1.tlog
d:\projects\misc\kb\sys\x64\release\kbfiltr.tlog\inf2cat-expand.18520.read.1.tlog
d:\projects\misc\kb\sys\x64\release\kbfiltr.tlog\inf2cat-expand.18520.write.1.tlog
d:\projects\misc\kb\sys\x64\release\kbfiltr.tlog\inf2cat-expand.18732.read.1.tlog
d:\projects\misc\kb\sys\x64\release\kbfiltr.tlog\inf2cat-expand.18732.write.1.tlog
d:\projects\misc\kb\sys\x64\release\kbfiltr.tlog\inf2cat-expand.18932.read.1.tlog
d:\projects\misc\kb\sys\x64\release\kbfiltr.tlog\inf2cat-expand.18932.write.1.tlog
d:\projects\misc\kb\sys\x64\release\kbfiltr.tlog\inf2cat-expand.19024.read.1.tlog
d:\projects\misc\kb\sys\x64\release\kbfiltr.tlog\inf2cat-expand.19024.write.1.tlog
d:\projects\misc\kb\sys\x64\release\kbfiltr.tlog\inf2cat-expand.19040.read.1.tlog
d:\projects\misc\kb\sys\x64\release\kbfiltr.tlog\inf2cat-expand.19040.write.1.tlog
d:\projects\misc\kb\sys\x64\release\kbfiltr.tlog\inf2cat-expand.19452.read.1.tlog
d:\projects\misc\kb\sys\x64\release\kbfiltr.tlog\inf2cat-expand.19452.write.1.tlog
d:\projects\misc\kb\sys\x64\release\kbfiltr.tlog\inf2cat-expand.19480.read.1.tlog
d:\projects\misc\kb\sys\x64\release\kbfiltr.tlog\inf2cat-expand.19480.write.1.tlog
d:\projects\misc\kb\sys\x64\release\kbfiltr.tlog\inf2cat-expand.19492.read.1.tlog
d:\projects\misc\kb\sys\x64\release\kbfiltr.tlog\inf2cat-expand.19492.write.1.tlog
d:\projects\misc\kb\sys\x64\release\kbfiltr.tlog\inf2cat-expand.19524.read.1.tlog
d:\projects\misc\kb\sys\x64\release\kbfiltr.tlog\inf2cat-expand.19524.write.1.tlog
d:\projects\misc\kb\sys\x64\release\kbfiltr.tlog\inf2cat-expand.19556.read.1.tlog
d:\projects\misc\kb\sys\x64\release\kbfiltr.tlog\inf2cat-expand.19556.write.1.tlog
d:\projects\misc\kb\sys\x64\release\kbfiltr.tlog\inf2cat-expand.20440.read.1.tlog
d:\projects\misc\kb\sys\x64\release\kbfiltr.tlog\inf2cat-expand.20440.write.1.tlog
d:\projects\misc\kb\sys\x64\release\kbfiltr.tlog\inf2cat-expand.21492.read.1.tlog
d:\projects\misc\kb\sys\x64\release\kbfiltr.tlog\inf2cat-expand.21492.write.1.tlog
d:\projects\misc\kb\sys\x64\release\kbfiltr.tlog\inf2cat-expand.2440.read.1.tlog
d:\projects\misc\kb\sys\x64\release\kbfiltr.tlog\inf2cat-expand.2440.write.1.tlog
d:\projects\misc\kb\sys\x64\release\kbfiltr.tlog\inf2cat-expand.7808.read.1.tlog
d:\projects\misc\kb\sys\x64\release\kbfiltr.tlog\inf2cat-expand.7808.write.1.tlog
d:\projects\misc\kb\sys\x64\release\kbfiltr.tlog\inf2cat-expand.7964.read.1.tlog
d:\projects\misc\kb\sys\x64\release\kbfiltr.tlog\inf2cat-expand.7964.write.1.tlog
d:\projects\misc\kb\sys\x64\release\kbfiltr.tlog\inf2cat-expand.8744.read.1.tlog
d:\projects\misc\kb\sys\x64\release\kbfiltr.tlog\inf2cat-expand.8744.write.1.tlog
d:\projects\misc\kb\sys\x64\release\kbfiltr.tlog\inf2cat-expand.9148.read.1.tlog
d:\projects\misc\kb\sys\x64\release\kbfiltr.tlog\inf2cat-expand.9148.write.1.tlog
d:\projects\misc\kb\sys\x64\release\kbfiltr.tlog\inf2cat-expand.9776.read.1.tlog
d:\projects\misc\kb\sys\x64\release\kbfiltr.tlog\inf2cat-expand.9776.write.1.tlog
d:\projects\misc\kb\sys\x64\release\kbfiltr.tlog\inf2cat-expand.read.1.tlog
d:\projects\misc\kb\sys\x64\release\kbfiltr.tlog\inf2cat-expand.write.1.tlog
d:\projects\misc\kb\sys\x64\release\kbfiltr.tlog\inf2cat.command.1.tlog
d:\projects\misc\kb\sys\x64\release\kbfiltr.tlog\inf2cat.read.1.tlog
d:\projects\misc\kb\sys\x64\release\kbfiltr.tlog\inf2cat.read.8.tlog
d:\projects\misc\kb\sys\x64\release\kbfiltr.tlog\inf2cat.write.1.tlog
d:\projects\misc\kb\sys\x64\release\kbfiltr.tlog\inf2cat.write.8.tlog
d:\projects\misc\kb\sys\x64\release\kbfiltr.tlog\link.command.1.tlog
d:\projects\misc\kb\sys\x64\release\kbfiltr.tlog\link.read.1.tlog
d:\projects\misc\kb\sys\x64\release\kbfiltr.tlog\link.write.1.tlog
d:\projects\misc\kb\sys\x64\release\kbfiltr.tlog\rc.command.1.tlog
d:\projects\misc\kb\sys\x64\release\kbfiltr.tlog\rc.read.1.tlog
d:\projects\misc\kb\sys\x64\release\kbfiltr.tlog\rc.write.1.tlog
d:\projects\misc\kb\sys\x64\release\kbfiltr.tlog\signtool.command.1.tlog
d:\projects\misc\kb\sys\x64\release\kbfiltr.tlog\signtool.read.1.tlog
d:\projects\misc\kb\sys\x64\release\kbfiltr.tlog\signtool.timestamp.1.tlog
d:\projects\misc\kb\sys\x64\release\kbfiltr.tlog\signtool.write.1.tlog
d:\projects\misc\kb\sys\x64\release\kbfiltr.tlog\stampinf.command.1.tlog
d:\projects\misc\kb\sys\x64\release\kbfiltr.tlog\stampinf.read.1.tlog
d:\projects\misc\kb\sys\x64\release\kbfiltr.tlog\stampinf.write.1.tlog
